<?xml version="1.0" encoding="UTF-8"?>
<!-- Generated by org.testng.reporters.JUnitReportReporter -->
<testsuite hostname="P80071482" name="com.test.TestLink" tests="14" failures="0" timestamp="24 Jul 2015 03:29:21 GMT" time="153.594" errors="0">
  <testcase name="Testoppo_com02" time="6.659" classname="com.test.TestLink"/>
  <testcase name="Testoppo_com03_02" time="8.959" classname="com.test.TestLink"/>
  <testcase name="Testoppo_com03" time="5.583" classname="com.test.TestLink"/>
  <testcase name="Testoppo_com04_01" time="10.771" classname="com.test.TestLink"/>
  <testcase name="Testoppo_com03_05" time="12.513" classname="com.test.TestLink"/>
  <testcase name="Testoppo_com04_04" time="15.963" classname="com.test.TestLink"/>
  <testcase name="Testoppo_com03_01" time="8.928" classname="com.test.TestLink"/>
  <testcase name="Testoppo_com04" time="15.244" classname="com.test.TestLink"/>
  <testcase name="Testoppo_com03_03" time="10.698" classname="com.test.TestLink"/>
  <testcase name="Testoppo_com04_02" time="7.268" classname="com.test.TestLink"/>
  <testcase name="Testoppo_com01" time="28.205" classname="com.test.TestLink"/>
  <testcase name="Testoppo_com03_04" time="7.791" classname="com.test.TestLink"/>
  <testcase name="Testoppo_com05" time="7.833" classname="com.test.TestLink"/>
  <testcase name="Testoppo_com04_03" time="7.179" classname="com.test.TestLink"/>
</testsuite> <!-- com.test.TestLink -->
